[0205/174716.696:ERROR:process_info.cc(359)] UncheckedAllocate
[0205/174716.695:ERROR:process_info.cc(359)] UncheckedAllocate
[0206/204639.047:ERROR:process_info.cc(359)] UncheckedAllocate
[0206/204639.047:ERROR:process_info.cc(359)] UncheckedAllocate
[0206/204639.667:ERROR:process_reader_win.cc(182)] ResumeThread: The parameter is incorrect. (0x57)
[0206/204639.667:ERROR:process_reader_win.cc(151)] SuspendThread: Access is denied. (0x5)
[0206/204639.667:ERROR:process_reader_win.cc(151)] SuspendThread: Access is denied. (0x5)
[0206/204639.667:ERROR:process_reader_win.cc(151)] SuspendThread: Access is denied. (0x5)
[0206/204639.698:ERROR:process_reader_win.cc(182)] ResumeThread: The parameter is incorrect. (0x57)
[0206/204639.698:ERROR:process_reader_win.cc(151)] SuspendThread: Access is denied. (0x5)
[0206/204639.699:ERROR:process_reader_win.cc(182)] ResumeThread: The parameter is incorrect. (0x57)
[0206/204639.818:ERROR:process_memory_win.cc(73)] ReadMemory at 0x7ff692b10000 of 64 bytes failed: Only part of a ReadProcessMemory or WriteProcessMemory request was completed. (0x12B)
[0206/204639.818:WARNING:pe_image_reader.cc(340)] could not read dos header from C:\Program Files (x86)\Google\Chrome\Application\chrome.exe
[0206/204639.818:ERROR:process_memory_win.cc(73)] ReadMemory at 0x7ffffbf60000 of 64 bytes failed: Only part of a ReadProcessMemory or WriteProcessMemory request was completed. (0x12B)
[0206/204639.818:WARNING:pe_image_reader.cc(340)] could not read dos header from C:\WINDOWS\SYSTEM32\ntdll.dll
[0206/204639.818:ERROR:process_memory_win.cc(73)] ReadMemory at 0x7ffffa150000 of 64 bytes failed: Only part of a ReadProcessMemory or WriteProcessMemory request was completed. (0x12B)
[0206/204639.818:WARNING:pe_image_reader.cc(340)] could not read dos header from C:\WINDOWS\System32\KERNEL32.DLL
[0206/204639.818:ERROR:process_memory_win.cc(73)] ReadMemory at 0x7ffff9b90000 of 64 bytes failed: Only part of a ReadProcessMemory or WriteProcessMemory request was completed. (0x12B)
[0206/204639.818:WARNING:pe_image_reader.cc(340)] could not read dos header from C:\WINDOWS\System32\KERNELBASE.dll
[0206/204639.818:ERROR:process_memory_win.cc(73)] ReadMemory at 0x7ffff7040000 of 64 bytes failed: Only part of a ReadProcessMemory or WriteProcessMemory request was completed. (0x12B)
[0206/204639.818:WARNING:pe_image_reader.cc(340)] could not read dos header from C:\WINDOWS\SYSTEM32\apphelp.dll
[0206/204639.818:ERROR:process_memory_win.cc(73)] ReadMemory at 0x7fffd53e0000 of 64 bytes failed: Only part of a ReadProcessMemory or WriteProcessMemory request was completed. (0x12B)
[0206/204639.818:WARNING:pe_image_reader.cc(340)] could not read dos header from C:\Program Files (x86)\Google\Chrome\Application\80.0.3987.87\chrome_elf.dll
[0206/204639.818:ERROR:process_memory_win.cc(73)] ReadMemory at 0x7ffff4660000 of 64 bytes failed: Only part of a ReadProcessMemory or WriteProcessMemory request was completed. (0x12B)
[0206/204639.818:WARNING:pe_image_reader.cc(340)] could not read dos header from C:\WINDOWS\SYSTEM32\VERSION.dll
[0206/204639.818:ERROR:process_memory_win.cc(73)] ReadMemory at 0x7ffffabd0000 of 64 bytes failed: Only part of a ReadProcessMemory or WriteProcessMemory request was completed. (0x12B)
[0206/204639.818:WARNING:pe_image_reader.cc(340)] could not read dos header from C:\WINDOWS\System32\msvcrt.dll
[0206/204639.818:ERROR:process_memory_win.cc(73)] ReadMemory at 0x7ffff97f0000 of 64 bytes failed: Only part of a ReadProcessMemory or WriteProcessMemory request was completed. (0x12B)
[0206/204639.818:WARNING:pe_image_reader.cc(340)] could not read dos header from C:\WINDOWS\System32\bcryptPrimitives.dll
[0206/204639.818:ERROR:process_memory_win.cc(73)] ReadMemory at 0x7ffffadf0000 of 64 bytes failed: Only part of a ReadProcessMemory or WriteProcessMemory request was completed. (0x12B)
[0206/204639.818:WARNING:pe_image_reader.cc(340)] could not read dos header from C:\WINDOWS\System32\ADVAPI32.dll
[0206/204639.818:ERROR:process_memory_win.cc(73)] ReadMemory at 0x7ffffb430000 of 64 bytes failed: Only part of a ReadProcessMemory or WriteProcessMemory request was completed. (0x12B)
[0206/204639.819:WARNING:pe_image_reader.cc(340)] could not read dos header from C:\WINDOWS\System32\sechost.dll
[0206/204639.819:ERROR:process_memory_win.cc(73)] ReadMemory at 0x7ffffb880000 of 64 bytes failed: Only part of a ReadProcessMemory or WriteProcessMemory request was completed. (0x12B)
[0206/204639.819:WARNING:pe_image_reader.cc(340)] could not read dos header from C:\WINDOWS\System32\RPCRT4.dll
[0206/204639.819:ERROR:process_memory_win.cc(73)] ReadMemory at 0x7ffface30000 of 64 bytes failed: Only part of a ReadProcessMemory or WriteProcessMemory request was completed. (0x12B)
[0206/204639.819:WARNING:pe_image_reader.cc(340)] could not read dos header from C:\Program Files (x86)\Google\Chrome\Application\80.0.3987.87\chrome.dll
[0206/204639.819:ERROR:process_memory_win.cc(73)] ReadMemory at 0x7ffffa3f0000 of 64 bytes failed: Only part of a ReadProcessMemory or WriteProcessMemory request was completed. (0x12B)
[0206/204639.819:WARNING:pe_image_reader.cc(340)] could not read dos header from C:\WINDOWS\System32\WS2_32.dll
[0206/204639.819:ERROR:process_memory_win.cc(73)] ReadMemory at 0x7ffffaf40000 of 64 bytes failed: Only part of a ReadProcessMemory or WriteProcessMemory request was completed. (0x12B)
[0206/204639.819:WARNING:pe_image_reader.cc(340)] could not read dos header from C:\WINDOWS\System32\OLEAUT32.dll
[0206/204639.819:ERROR:process_memory_win.cc(73)] ReadMemory at 0x7ffff9f70000 of 64 bytes failed: Only part of a ReadProcessMemory or WriteProcessMemory request was completed. (0x12B)
[0206/204639.819:WARNING:pe_image_reader.cc(340)] could not read dos header from C:\WINDOWS\System32\msvcp_win.dll
[0206/204639.819:ERROR:process_memory_win.cc(73)] ReadMemory at 0x7ffff9e70000 of 64 bytes failed: Only part of a ReadProcessMemory or WriteProcessMemory request was completed. (0x12B)
[0206/204639.819:WARNING:pe_image_reader.cc(340)] could not read dos header from C:\WINDOWS\System32\ucrtbase.dll
[0206/204639.819:ERROR:process_memory_win.cc(73)] ReadMemory at 0x7ffffb540000 of 64 bytes failed: Only part of a ReadProcessMemory or WriteProcessMemory request was completed. (0x12B)
[0206/204639.819:WARNING:pe_image_reader.cc(340)] could not read dos header from C:\WINDOWS\System32\combase.dll
[0206/204639.819:ERROR:process_memory_win.cc(73)] ReadMemory at 0x7ffff9790000 of 64 bytes failed: Only part of a ReadProcessMemory or WriteProcessMemory request was completed. (0x12B)
[0206/204639.819:WARNING:pe_image_reader.cc(340)] could not read dos header from C:\WINDOWS\System32\WINTRUST.dll
[0206/204639.819:ERROR:process_memory_win.cc(73)] ReadMemory at 0x7ffff8ed0000 of 64 bytes failed: Only part of a ReadProcessMemory or WriteProcessMemory request was completed. (0x12B)
[0206/204639.819:WARNING:pe_image_reader.cc(340)] could not read dos header from C:\WINDOWS\System32\MSASN1.dll
[0206/204639.819:ERROR:process_memory_win.cc(73)] ReadMemory at 0x7ffff9a10000 of 64 bytes failed: Only part of a ReadProcessMemory or WriteProcessMemory request was completed. (0x12B)
[0206/204639.819:WARNING:pe_image_reader.cc(340)] could not read dos header from C:\WINDOWS\System32\CRYPT32.dll
[0206/204639.819:ERROR:process_memory_win.cc(73)] ReadMemory at 0x7ffff8350000 of 64 bytes failed: Only part of a ReadProcessMemory or WriteProcessMemory request was completed. (0x12B)
[0206/204639.819:WARNING:pe_image_reader.cc(340)] could not read dos header from C:\WINDOWS\SYSTEM32\IPHLPAPI.DLL
[0206/204639.819:ERROR:process_memory_win.cc(73)] ReadMemory at 0x7ffff67c0000 of 64 bytes failed: Only part of a ReadProcessMemory or WriteProcessMemory request was completed. (0x12B)
[0206/204639.819:WARNING:pe_image_reader.cc(340)] could not read dos header from C:\WINDOWS\SYSTEM32\WINMM.dll
[0206/204639.819:ERROR:process_memory_win.cc(73)] ReadMemory at 0x7fffee560000 of 64 bytes failed: Only part of a ReadProcessMemory or WriteProcessMemory request was completed. (0x12B)
[0206/204639.819:WARNING:pe_image_reader.cc(340)] could not read dos header from C:\WINDOWS\SYSTEM32\Secur32.dll
[0206/204639.819:ERROR:process_memory_win.cc(73)] ReadMemory at 0x7ffff8d20000 of 64 bytes failed: Only part of a ReadProcessMemory or WriteProcessMemory request was completed. (0x12B)
[0206/204639.819:WARNING:pe_image_reader.cc(340)] could not read dos header from C:\WINDOWS\SYSTEM32\USERENV.dll
[0206/204639.819:ERROR:process_memory_win.cc(73)] ReadMemory at 0x7ffff8eb0000 of 64 bytes failed: Only part of a ReadProcessMemory or WriteProcessMemory request was completed. (0x12B)
[0206/204639.819:WARNING:pe_image_reader.cc(340)] could not read dos header from C:\WINDOWS\System32\profapi.dll
[0206/204639.819:ERROR:process_memory_win.cc(73)] ReadMemory at 0x7fffd74e0000 of 64 bytes failed: Only part of a ReadProcessMemory or WriteProcessMemory request was completed. (0x12B)
[0206/204639.819:WARNING:pe_image_reader.cc(340)] could not read dos header from C:\WINDOWS\SYSTEM32\UIAutomationCore.DLL
[0206/204639.819:ERROR:process_memory_win.cc(73)] ReadMemory at 0x7fffeaf40000 of 64 bytes failed: Only part of a ReadProcessMemory or WriteProcessMemory request was completed. (0x12B)
[0206/204639.819:WARNING:pe_image_reader.cc(340)] could not read dos header from C:\WINDOWS\SYSTEM32\DWrite.dll
[0206/204639.819:ERROR:process_memory_win.cc(73)] ReadMemory at 0x7ffff2a80000 of 64 bytes failed: Only part of a ReadProcessMemory or WriteProcessMemory request was completed. (0x12B)
[0206/204639.819:WARNING:pe_image_reader.cc(340)] could not read dos header from C:\WINDOWS\SYSTEM32\WINSPOOL.DRV
[0206/204639.819:ERROR:process_memory_win.cc(73)] ReadMemory at 0x7ffff8e90000 of 64 bytes failed: Only part of a ReadProcessMemory or WriteProcessMemory request was completed. (0x12B)
[0206/204639.819:WARNING:pe_image_reader.cc(340)] could not read dos header from C:\WINDOWS\System32\kernel.appcore.dll
[0206/204639.820:ERROR:process_memory_win.cc(73)] ReadMemory at 0x7ffff9b60000 of 64 bytes failed: Only part of a ReadProcessMemory or WriteProcessMemory request was completed. (0x12B)
[0206/204639.820:WARNING:pe_image_reader.cc(340)] could not read dos header from C:\WINDOWS\System32\bcrypt.dll
[0206/204639.820:ERROR:process_memory_win.cc(73)] ReadMemory at 0x7fffed920000 of 64 bytes failed: Only part of a ReadProcessMemory or WriteProcessMemory request was completed. (0x12B)
[0206/204639.820:WARNING:pe_image_reader.cc(340)] could not read dos header from C:\WINDOWS\SYSTEM32\dbghelp.dll
[0206/204639.820:ERROR:process_memory_win.cc(73)] ReadMemory at 0x7ffff1670000 of 64 bytes failed: Only part of a ReadProcessMemory or WriteProcessMemory request was completed. (0x12B)
[0206/204639.820:WARNING:pe_image_reader.cc(340)] could not read dos header from C:\WINDOWS\SYSTEM32\WINHTTP.dll
[0206/204639.820:ERROR:process_memory_win.cc(73)] ReadMemory at 0x7ffff1c30000 of 64 bytes failed: Only part of a ReadProcessMemory or WriteProcessMemory request was completed. (0x12B)
[0206/204639.820:WARNING:pe_image_reader.cc(340)] could not read dos header from C:\WINDOWS\SYSTEM32\dhcpcsvc.DLL
[0206/204639.820:ERROR:process_memory_win.cc(73)] ReadMemory at 0x1fb504e0000 of 64 bytes failed: Only part of a ReadProcessMemory or WriteProcessMemory request was completed. (0x12B)
[0206/204639.820:WARNING:pe_image_reader.cc(340)] could not read dos header from C:\WINDOWS\System32\NSI.dll
[0206/204639.820:ERROR:process_memory_win.cc(73)] ReadMemory at 0x7ffff6790000 of 64 bytes failed: Only part of a ReadProcessMemory or WriteProcessMemory request was completed. (0x12B)
[0206/204639.820:WARNING:pe_image_reader.cc(340)] could not read dos header from C:\WINDOWS\SYSTEM32\WINMMBASE.dll
[0206/204639.820:ERROR:process_memory_win.cc(73)] ReadMemory at 0x7ffff9670000 of 64 bytes failed: Only part of a ReadProcessMemory or WriteProcessMemory request was completed. (0x12B)
[0206/204639.820:WARNING:pe_image_reader.cc(340)] could not read dos header from C:\WINDOWS\System32\cfgmgr32.dll
[0206/204639.820:ERROR:process_memory_win.cc(73)] ReadMemory at 0x7ffff51d0000 of 64 bytes failed: Only part of a ReadProcessMemory or WriteProcessMemory request was completed. (0x12B)
[0206/204639.820:WARNING:pe_image_reader.cc(340)] could not read dos header from C:\WINDOWS\SYSTEM32\PROPSYS.dll
[0206/204639.820:ERROR:process_memory_win.cc(73)] ReadMemory at 0x7ffffac70000 of 64 bytes failed: Only part of a ReadProcessMemory or WriteProcessMemory request was completed. (0x12B)
[0206/204639.820:WARNING:pe_image_reader.cc(340)] could not read dos header from C:\WINDOWS\System32\shcore.dll
[0206/204639.820:ERROR:process_memory_win.cc(73)] ReadMemory at 0x7ffff8d50000 of 64 bytes failed: Only part of a ReadProcessMemory or WriteProcessMemory request was completed. (0x12B)
[0206/204639.820:WARNING:pe_image_reader.cc(340)] could not read dos header from C:\WINDOWS\SYSTEM32\SSPICLI.DLL
[0206/204639.820:ERROR:process_memory_win.cc(73)] ReadMemory at 0x7ffff8810000 of 64 bytes failed: Only part of a ReadProcessMemory or WriteProcessMemory request was completed. (0x12B)
[0206/204639.820:WARNING:pe_image_reader.cc(340)] could not read dos header from C:\WINDOWS\SYSTEM32\CRYPTBASE.DLL
[0206/204639.820:ERROR:process_memory_win.cc(73)] ReadMemory at 0x7ff692b10000 of 64 bytes failed: Only part of a ReadProcessMemory or WriteProcessMemory request was completed. (0x12B)
[0206/204639.820:WARNING:pe_image_reader.cc(340)] could not read dos header from C:\Program Files (x86)\Google\Chrome\Application\chrome.exe
[0206/204639.820:ERROR:process_memory_win.cc(73)] ReadMemory at 0x7ffffbf60000 of 64 bytes failed: Only part of a ReadProcessMemory or WriteProcessMemory request was completed. (0x12B)
[0206/204639.820:WARNING:pe_image_reader.cc(340)] could not read dos header from C:\WINDOWS\SYSTEM32\ntdll.dll
[0206/204639.820:ERROR:process_memory_win.cc(73)] ReadMemory at 0x7ffffa150000 of 64 bytes failed: Only part of a ReadProcessMemory or WriteProcessMemory request was completed. (0x12B)
[0206/204639.820:WARNING:pe_image_reader.cc(340)] could not read dos header from C:\WINDOWS\System32\KERNEL32.DLL
[0206/204639.820:ERROR:process_memory_win.cc(73)] ReadMemory at 0x7ffff9b90000 of 64 bytes failed: Only part of a ReadProcessMemory or WriteProcessMemory request was completed. (0x12B)
[0206/204639.820:WARNING:pe_image_reader.cc(340)] could not read dos header from C:\WINDOWS\System32\KERNELBASE.dll
[0206/204639.820:ERROR:process_memory_win.cc(73)] ReadMemory at 0x7ffff7040000 of 64 bytes failed: Only part of a ReadProcessMemory or WriteProcessMemory request was completed. (0x12B)
[0206/204639.820:WARNING:pe_image_reader.cc(340)] could not read dos header from C:\WINDOWS\SYSTEM32\apphelp.dll
[0206/204639.820:ERROR:process_memory_win.cc(73)] ReadMemory at 0x7fffd53e0000 of 64 bytes failed: Only part of a ReadProcessMemory or WriteProcessMemory request was completed. (0x12B)
[0206/204639.820:WARNING:pe_image_reader.cc(340)] could not read dos header from C:\Program Files (x86)\Google\Chrome\Application\80.0.3987.87\chrome_elf.dll
[0206/204639.820:ERROR:process_memory_win.cc(73)] ReadMemory at 0x7ffff4660000 of 64 bytes failed: Only part of a ReadProcessMemory or WriteProcessMemory request was completed. (0x12B)
[0206/204639.820:WARNING:pe_image_reader.cc(340)] could not read dos header from C:\WINDOWS\SYSTEM32\VERSION.dll
[0206/204639.820:ERROR:process_memory_win.cc(73)] ReadMemory at 0x7ffffabd0000 of 64 bytes failed: Only part of a ReadProcessMemory or WriteProcessMemory request was completed. (0x12B)
[0206/204639.820:WARNING:pe_image_reader.cc(340)] could not read dos header from C:\WINDOWS\System32\msvcrt.dll
[0206/204639.820:ERROR:process_memory_win.cc(73)] ReadMemory at 0x7ffff97f0000 of 64 bytes failed: Only part of a ReadProcessMemory or WriteProcessMemory request was completed. (0x12B)
[0206/204639.820:WARNING:pe_image_reader.cc(340)] could not read dos header from C:\WINDOWS\System32\bcryptPrimitives.dll
[0206/204639.820:ERROR:process_memory_win.cc(73)] ReadMemory at 0x7ffffadf0000 of 64 bytes failed: Only part of a ReadProcessMemory or WriteProcessMemory request was completed. (0x12B)
[0206/204639.820:WARNING:pe_image_reader.cc(340)] could not read dos header from C:\WINDOWS\System32\ADVAPI32.dll
[0206/204639.820:ERROR:process_memory_win.cc(73)] ReadMemory at 0x7ffffb430000 of 64 bytes failed: Only part of a ReadProcessMemory or WriteProcessMemory request was completed. (0x12B)
[0206/204639.820:WARNING:pe_image_reader.cc(340)] could not read dos header from C:\WINDOWS\System32\sechost.dll
[0206/204639.821:ERROR:process_memory_win.cc(73)] ReadMemory at 0x7ffffb880000 of 64 bytes failed: Only part of a ReadProcessMemory or WriteProcessMemory request was completed. (0x12B)
[0206/204639.821:WARNING:pe_image_reader.cc(340)] could not read dos header from C:\WINDOWS\System32\RPCRT4.dll
[0206/204639.821:ERROR:process_memory_win.cc(73)] ReadMemory at 0x7ffface30000 of 64 bytes failed: Only part of a ReadProcessMemory or WriteProcessMemory request was completed. (0x12B)
[0206/204639.821:WARNING:pe_image_reader.cc(340)] could not read dos header from C:\Program Files (x86)\Google\Chrome\Application\80.0.3987.87\chrome.dll
[0206/204639.821:ERROR:process_memory_win.cc(73)] ReadMemory at 0x7ffffa3f0000 of 64 bytes failed: Only part of a ReadProcessMemory or WriteProcessMemory request was completed. (0x12B)
[0206/204639.821:WARNING:pe_image_reader.cc(340)] could not read dos header from C:\WINDOWS\System32\WS2_32.dll
[0206/204639.821:ERROR:process_memory_win.cc(73)] ReadMemory at 0x7ffffaf40000 of 64 bytes failed: Only part of a ReadProcessMemory or WriteProcessMemory request was completed. (0x12B)
[0206/204639.821:WARNING:pe_image_reader.cc(340)] could not read dos header from C:\WINDOWS\System32\OLEAUT32.dll
[0206/204639.821:ERROR:process_memory_win.cc(73)] ReadMemory at 0x7ffff9f70000 of 64 bytes failed: Only part of a ReadProcessMemory or WriteProcessMemory request was completed. (0x12B)
[0206/204639.821:WARNING:pe_image_reader.cc(340)] could not read dos header from C:\WINDOWS\System32\msvcp_win.dll
[0206/204639.821:ERROR:process_memory_win.cc(73)] ReadMemory at 0x7ffff9e70000 of 64 bytes failed: Only part of a ReadProcessMemory or WriteProcessMemory request was completed. (0x12B)
[0206/204639.821:WARNING:pe_image_reader.cc(340)] could not read dos header from C:\WINDOWS\System32\ucrtbase.dll
[0206/204639.821:ERROR:process_memory_win.cc(73)] ReadMemory at 0x7ffffb540000 of 64 bytes failed: Only part of a ReadProcessMemory or WriteProcessMemory request was completed. (0x12B)
[0206/204639.821:WARNING:pe_image_reader.cc(340)] could not read dos header from C:\WINDOWS\System32\combase.dll
[0206/204639.821:ERROR:process_memory_win.cc(73)] ReadMemory at 0x7ffff9790000 of 64 bytes failed: Only part of a ReadProcessMemory or WriteProcessMemory request was completed. (0x12B)
[0206/204639.821:WARNING:pe_image_reader.cc(340)] could not read dos header from C:\WINDOWS\System32\WINTRUST.dll
[0206/204639.821:ERROR:process_memory_win.cc(73)] ReadMemory at 0x7ffff8ed0000 of 64 bytes failed: Only part of a ReadProcessMemory or WriteProcessMemory request was completed. (0x12B)
[0206/204639.821:WARNING:pe_image_reader.cc(340)] could not read dos header from C:\WINDOWS\System32\MSASN1.dll
[0206/204639.821:ERROR:process_memory_win.cc(73)] ReadMemory at 0x7ffff9a10000 of 64 bytes failed: Only part of a ReadProcessMemory or WriteProcessMemory request was completed. (0x12B)
[0206/204639.821:WARNING:pe_image_reader.cc(340)] could not read dos header from C:\WINDOWS\System32\CRYPT32.dll
[0206/204639.821:ERROR:process_memory_win.cc(73)] ReadMemory at 0x7ffff8350000 of 64 bytes failed: Only part of a ReadProcessMemory or WriteProcessMemory request was completed. (0x12B)
[0206/204639.821:WARNING:pe_image_reader.cc(340)] could not read dos header from C:\WINDOWS\SYSTEM32\IPHLPAPI.DLL
[0206/204639.821:ERROR:process_memory_win.cc(73)] ReadMemory at 0x7ffff67c0000 of 64 bytes failed: Only part of a ReadProcessMemory or WriteProcessMemory request was completed. (0x12B)
[0206/204639.821:WARNING:pe_image_reader.cc(340)] could not read dos header from C:\WINDOWS\SYSTEM32\WINMM.dll
[0206/204639.821:ERROR:process_memory_win.cc(73)] ReadMemory at 0x7fffee560000 of 64 bytes failed: Only part of a ReadProcessMemory or WriteProcessMemory request was completed. (0x12B)
[0206/204639.821:WARNING:pe_image_reader.cc(340)] could not read dos header from C:\WINDOWS\SYSTEM32\Secur32.dll
[0206/204639.821:ERROR:process_memory_win.cc(73)] ReadMemory at 0x7ffff8d20000 of 64 bytes failed: Only part of a ReadProcessMemory or WriteProcessMemory request was completed. (0x12B)
[0206/204639.821:WARNING:pe_image_reader.cc(340)] could not read dos header from C:\WINDOWS\SYSTEM32\USERENV.dll
[0206/204639.821:ERROR:process_memory_win.cc(73)] ReadMemory at 0x7ffff8eb0000 of 64 bytes failed: Only part of a ReadProcessMemory or WriteProcessMemory request was completed. (0x12B)
[0206/204639.821:WARNING:pe_image_reader.cc(340)] could not read dos header from C:\WINDOWS\System32\profapi.dll
[0206/204639.821:ERROR:process_memory_win.cc(73)] ReadMemory at 0x7fffd74e0000 of 64 bytes failed: Only part of a ReadProcessMemory or WriteProcessMemory request was completed. (0x12B)
[0206/204639.821:WARNING:pe_image_reader.cc(340)] could not read dos header from C:\WINDOWS\SYSTEM32\UIAutomationCore.DLL
[0206/204639.821:ERROR:process_memory_win.cc(73)] ReadMemory at 0x7fffeaf40000 of 64 bytes failed: Only part of a ReadProcessMemory or WriteProcessMemory request was completed. (0x12B)
[0206/204639.821:WARNING:pe_image_reader.cc(340)] could not read dos header from C:\WINDOWS\SYSTEM32\DWrite.dll
[0206/204639.821:ERROR:process_memory_win.cc(73)] ReadMemory at 0x7ffff2a80000 of 64 bytes failed: Only part of a ReadProcessMemory or WriteProcessMemory request was completed. (0x12B)
[0206/204639.821:WARNING:pe_image_reader.cc(340)] could not read dos header from C:\WINDOWS\SYSTEM32\WINSPOOL.DRV
[0206/204639.822:ERROR:process_memory_win.cc(73)] ReadMemory at 0x7ffff8e90000 of 64 bytes failed: Only part of a ReadProcessMemory or WriteProcessMemory request was completed. (0x12B)
[0206/204639.822:WARNING:pe_image_reader.cc(340)] could not read dos header from C:\WINDOWS\System32\kernel.appcore.dll
[0206/204639.822:ERROR:process_memory_win.cc(73)] ReadMemory at 0x7ffff9b60000 of 64 bytes failed: Only part of a ReadProcessMemory or WriteProcessMemory request was completed. (0x12B)
[0206/204639.822:WARNING:pe_image_reader.cc(340)] could not read dos header from C:\WINDOWS\System32\bcrypt.dll
[0206/204639.822:ERROR:process_memory_win.cc(73)] ReadMemory at 0x7fffed920000 of 64 bytes failed: Only part of a ReadProcessMemory or WriteProcessMemory request was completed. (0x12B)
[0206/204639.822:WARNING:pe_image_reader.cc(340)] could not read dos header from C:\WINDOWS\SYSTEM32\dbghelp.dll
[0206/204639.822:ERROR:process_memory_win.cc(73)] ReadMemory at 0x7ffff1670000 of 64 bytes failed: Only part of a ReadProcessMemory or WriteProcessMemory request was completed. (0x12B)
[0206/204639.822:WARNING:pe_image_reader.cc(340)] could not read dos header from C:\WINDOWS\SYSTEM32\WINHTTP.dll
[0206/204639.822:ERROR:process_memory_win.cc(73)] ReadMemory at 0x7ffff1c30000 of 64 bytes failed: Only part of a ReadProcessMemory or WriteProcessMemory request was completed. (0x12B)
[0206/204639.822:WARNING:pe_image_reader.cc(340)] could not read dos header from C:\WINDOWS\SYSTEM32\dhcpcsvc.DLL
[0206/204639.822:ERROR:process_memory_win.cc(73)] ReadMemory at 0x1fb504e0000 of 64 bytes failed: Only part of a ReadProcessMemory or WriteProcessMemory request was completed. (0x12B)
[0206/204639.822:WARNING:pe_image_reader.cc(340)] could not read dos header from C:\WINDOWS\System32\NSI.dll
[0206/204639.822:ERROR:process_memory_win.cc(73)] ReadMemory at 0x7ffff6790000 of 64 bytes failed: Only part of a ReadProcessMemory or WriteProcessMemory request was completed. (0x12B)
[0206/204639.822:WARNING:pe_image_reader.cc(340)] could not read dos header from C:\WINDOWS\SYSTEM32\WINMMBASE.dll
[0206/204639.822:ERROR:process_memory_win.cc(73)] ReadMemory at 0x7ffff9670000 of 64 bytes failed: Only part of a ReadProcessMemory or WriteProcessMemory request was completed. (0x12B)
[0206/204639.822:WARNING:pe_image_reader.cc(340)] could not read dos header from C:\WINDOWS\System32\cfgmgr32.dll
[0206/204639.822:ERROR:process_memory_win.cc(73)] ReadMemory at 0x7ffff51d0000 of 64 bytes failed: Only part of a ReadProcessMemory or WriteProcessMemory request was completed. (0x12B)
[0206/204639.822:WARNING:pe_image_reader.cc(340)] could not read dos header from C:\WINDOWS\SYSTEM32\PROPSYS.dll
[0206/204639.822:ERROR:process_memory_win.cc(73)] ReadMemory at 0x7ffffac70000 of 64 bytes failed: Only part of a ReadProcessMemory or WriteProcessMemory request was completed. (0x12B)
[0206/204639.822:WARNING:pe_image_reader.cc(340)] could not read dos header from C:\WINDOWS\System32\shcore.dll
[0206/204639.822:ERROR:process_memory_win.cc(73)] ReadMemory at 0x7ffff8d50000 of 64 bytes failed: Only part of a ReadProcessMemory or WriteProcessMemory request was completed. (0x12B)
[0206/204639.822:WARNING:pe_image_reader.cc(340)] could not read dos header from C:\WINDOWS\SYSTEM32\SSPICLI.DLL
[0206/204639.822:ERROR:process_memory_win.cc(73)] ReadMemory at 0x7ffff8810000 of 64 bytes failed: Only part of a ReadProcessMemory or WriteProcessMemory request was completed. (0x12B)
[0206/204639.822:WARNING:pe_image_reader.cc(340)] could not read dos header from C:\WINDOWS\SYSTEM32\CRYPTBASE.DLL
[0206/204639.916:ERROR:process_memory_win.cc(73)] ReadMemory at 0x61bd9fc000 of 16384 bytes failed: Only part of a ReadProcessMemory or WriteProcessMemory request was completed. (0x12B)
[0206/204639.916:ERROR:process_memory_win.cc(73)] ReadMemory at 0x61be1fd000 of 12288 bytes failed: Only part of a ReadProcessMemory or WriteProcessMemory request was completed. (0x12B)
[0206/204639.917:ERROR:process_memory_win.cc(73)] ReadMemory at 0x61be9fd000 of 12288 bytes failed: Only part of a ReadProcessMemory or WriteProcessMemory request was completed. (0x12B)
[0206/204639.917:ERROR:process_memory_win.cc(73)] ReadMemory at 0x61bd107000 of 852 bytes failed: Only part of a ReadProcessMemory or WriteProcessMemory request was completed. (0x12B)
[0206/204639.917:ERROR:process_memory_win.cc(73)] ReadMemory at 0x61bd108000 of 6024 bytes failed: Only part of a ReadProcessMemory or WriteProcessMemory request was completed. (0x12B)
[0206/204639.917:ERROR:process_memory_win.cc(73)] ReadMemory at 0x61bd10a000 of 6024 bytes failed: Only part of a ReadProcessMemory or WriteProcessMemory request was completed. (0x12B)
[0206/204639.917:ERROR:process_memory_win.cc(73)] ReadMemory at 0x61bd10c000 of 6024 bytes failed: Only part of a ReadProcessMemory or WriteProcessMemory request was completed. (0x12B)
[0206/204639.917:ERROR:process_memory_win.cc(73)] ReadMemory at 0x1fb502d0fe0 of 18792 bytes failed: Only part of a ReadProcessMemory or WriteProcessMemory request was completed. (0x12B)
[0206/204639.917:ERROR:process_memory_win.cc(73)] ReadMemory at 0x1fb502d5950 of 1012 bytes failed: Only part of a ReadProcessMemory or WriteProcessMemory request was completed. (0x12B)
[0206/204639.917:ERROR:process_memory_win.cc(73)] ReadMemory at 0x1fb502d5f98 of 118 bytes failed: Only part of a ReadProcessMemory or WriteProcessMemory request was completed. (0x12B)
[0206/204639.917:ERROR:process_memory_win.cc(73)] ReadMemory at 0x1fb502d6010 of 678 bytes failed: Only part of a ReadProcessMemory or WriteProcessMemory request was completed. (0x12B)
[0206/204639.917:ERROR:process_memory_win.cc(73)] ReadMemory at 0x1fb502d62b8 of 118 bytes failed: Only part of a ReadProcessMemory or WriteProcessMemory request was completed. (0x12B)
[0206/204639.917:ERROR:process_memory_win.cc(73)] ReadMemory at 0x1fb502d6330 of 98 bytes failed: Only part of a ReadProcessMemory or WriteProcessMemory request was completed. (0x12B)
[0206/204639.917:ERROR:process_memory_win.cc(73)] ReadMemory at 0x1fb502d63a0 of 58 bytes failed: Only part of a ReadProcessMemory or WriteProcessMemory request was completed. (0x12B)
[0206/204639.917:ERROR:process_memory_win.cc(73)] ReadMemory at 0x1fb502d64a0 of 132 bytes failed: Only part of a ReadProcessMemory or WriteProcessMemory request was completed. (0x12B)
[0206/204639.917:ERROR:process_memory_win.cc(73)] ReadMemory at 0x1fb502d6630 of 132 bytes failed: Only part of a ReadProcessMemory or WriteProcessMemory request was completed. (0x12B)
[0206/204639.917:ERROR:process_memory_win.cc(73)] ReadMemory at 0x1fb502d67f0 of 124 bytes failed: Only part of a ReadProcessMemory or WriteProcessMemory request was completed. (0x12B)
[0206/204639.918:ERROR:process_memory_win.cc(73)] ReadMemory at 0x1fb502d6bd0 of 132 bytes failed: Only part of a ReadProcessMemory or WriteProcessMemory request was completed. (0x12B)
[0206/204639.918:ERROR:process_memory_win.cc(73)] ReadMemory at 0x1fb502d6d60 of 64 bytes failed: Only part of a ReadProcessMemory or WriteProcessMemory request was completed. (0x12B)
[0206/204639.918:ERROR:process_memory_win.cc(73)] ReadMemory at 0x1fb502d6ec0 of 132 bytes failed: Only part of a ReadProcessMemory or WriteProcessMemory request was completed. (0x12B)
[0206/204639.918:ERROR:process_memory_win.cc(73)] ReadMemory at 0x1fb502d7050 of 62 bytes failed: Only part of a ReadProcessMemory or WriteProcessMemory request was completed. (0x12B)
[0206/204639.918:ERROR:process_memory_win.cc(73)] ReadMemory at 0x1fb502d71c0 of 132 bytes failed: Only part of a ReadProcessMemory or WriteProcessMemory request was completed. (0x12B)
[0206/204639.918:ERROR:process_memory_win.cc(73)] ReadMemory at 0x1fb502d7350 of 68 bytes failed: Only part of a ReadProcessMemory or WriteProcessMemory request was completed. (0x12B)
[0206/204639.918:ERROR:process_memory_win.cc(73)] ReadMemory at 0x1fb502e3f10 of 132 bytes failed: Only part of a ReadProcessMemory or WriteProcessMemory request was completed. (0x12B)
[0206/204639.918:ERROR:process_memory_win.cc(73)] ReadMemory at 0x1fb502e4120 of 132 bytes failed: Only part of a ReadProcessMemory or WriteProcessMemory request was completed. (0x12B)
[0206/204639.918:ERROR:process_memory_win.cc(73)] ReadMemory at 0x1fb502e4250 of 152 bytes failed: Only part of a ReadProcessMemory or WriteProcessMemory request was completed. (0x12B)
[0206/204639.918:ERROR:process_memory_win.cc(73)] ReadMemory at 0x1fb502e4770 of 64 bytes failed: Only part of a ReadProcessMemory or WriteProcessMemory request was completed. (0x12B)
[0206/204639.918:ERROR:process_memory_win.cc(73)] ReadMemory at 0x1fb502e47c0 of 66 bytes failed: Only part of a ReadProcessMemory or WriteProcessMemory request was completed. (0x12B)
[0206/204639.918:ERROR:process_memory_win.cc(73)] ReadMemory at 0x1fb502e4950 of 64 bytes failed: Only part of a ReadProcessMemory or WriteProcessMemory request was completed. (0x12B)
[0206/204639.918:ERROR:process_memory_win.cc(73)] ReadMemory at 0x1fb502e4a90 of 60 bytes failed: Only part of a ReadProcessMemory or WriteProcessMemory request was completed. (0x12B)
[0206/204639.918:ERROR:process_memory_win.cc(73)] ReadMemory at 0x1fb502e4ae0 of 60 bytes failed: Only part of a ReadProcessMemory or WriteProcessMemory request was completed. (0x12B)
[0206/204639.918:ERROR:process_memory_win.cc(73)] ReadMemory at 0x1fb502e4bd0 of 64 bytes failed: Only part of a ReadProcessMemory or WriteProcessMemory request was completed. (0x12B)
[0206/204639.918:ERROR:process_memory_win.cc(73)] ReadMemory at 0x1fb502e4c20 of 62 bytes failed: Only part of a ReadProcessMemory or WriteProcessMemory request was completed. (0x12B)
[0206/204639.918:ERROR:process_memory_win.cc(73)] ReadMemory at 0x1fb502e4cc0 of 62 bytes failed: Only part of a ReadProcessMemory or WriteProcessMemory request was completed. (0x12B)
[0206/204639.918:ERROR:process_memory_win.cc(73)] ReadMemory at 0x1fb502e4d60 of 64 bytes failed: Only part of a ReadProcessMemory or WriteProcessMemory request was completed. (0x12B)
[0206/204639.918:ERROR:process_memory_win.cc(73)] ReadMemory at 0x1fb502e5460 of 132 bytes failed: Only part of a ReadProcessMemory or WriteProcessMemory request was completed. (0x12B)
[0206/204639.918:ERROR:process_memory_win.cc(73)] ReadMemory at 0x1fb502e5590 of 132 bytes failed: Only part of a ReadProcessMemory or WriteProcessMemory request was completed. (0x12B)
[0206/204639.918:ERROR:process_memory_win.cc(73)] ReadMemory at 0x1fb502e6af0 of 62 bytes failed: Only part of a ReadProcessMemory or WriteProcessMemory request was completed. (0x12B)
[0206/204639.918:ERROR:process_memory_win.cc(73)] ReadMemory at 0x1fb502e6c20 of 132 bytes failed: Only part of a ReadProcessMemory or WriteProcessMemory request was completed. (0x12B)
[0206/204639.919:ERROR:process_memory_win.cc(73)] ReadMemory at 0x1fb502e6db0 of 60 bytes failed: Only part of a ReadProcessMemory or WriteProcessMemory request was completed. (0x12B)
[0206/204639.919:ERROR:process_memory_win.cc(73)] ReadMemory at 0x1fb502e71f0 of 132 bytes failed: Only part of a ReadProcessMemory or WriteProcessMemory request was completed. (0x12B)
[0206/204639.919:ERROR:process_memory_win.cc(73)] ReadMemory at 0x1fb502e7320 of 132 bytes failed: Only part of a ReadProcessMemory or WriteProcessMemory request was completed. (0x12B)
[0206/204639.919:ERROR:process_memory_win.cc(73)] ReadMemory at 0x1fb502e7540 of 132 bytes failed: Only part of a ReadProcessMemory or WriteProcessMemory request was completed. (0x12B)
[0206/204639.919:ERROR:process_memory_win.cc(73)] ReadMemory at 0x1fb502e7790 of 132 bytes failed: Only part of a ReadProcessMemory or WriteProcessMemory request was completed. (0x12B)
[0206/204639.919:ERROR:process_memory_win.cc(73)] ReadMemory at 0x1fb502e79d0 of 80 bytes failed: Only part of a ReadProcessMemory or WriteProcessMemory request was completed. (0x12B)
[0206/204639.919:ERROR:process_memory_win.cc(73)] ReadMemory at 0x1fb502e8210 of 132 bytes failed: Only part of a ReadProcessMemory or WriteProcessMemory request was completed. (0x12B)
[0206/204639.919:ERROR:process_memory_win.cc(73)] ReadMemory at 0x1fb502e8390 of 132 bytes failed: Only part of a ReadProcessMemory or WriteProcessMemory request was completed. (0x12B)
[0206/204639.919:ERROR:process_memory_win.cc(73)] ReadMemory at 0x1fb502e84c0 of 132 bytes failed: Only part of a ReadProcessMemory or WriteProcessMemory request was completed. (0x12B)
[0206/204639.919:ERROR:process_memory_win.cc(73)] ReadMemory at 0x1fb502e85f0 of 132 bytes failed: Only part of a ReadProcessMemory or WriteProcessMemory request was completed. (0x12B)
[0206/204639.919:ERROR:process_memory_win.cc(73)] ReadMemory at 0x1fb502e8720 of 132 bytes failed: Only part of a ReadProcessMemory or WriteProcessMemory request was completed. (0x12B)
[0206/204639.919:ERROR:process_memory_win.cc(73)] ReadMemory at 0x1fb502e8980 of 132 bytes failed: Only part of a ReadProcessMemory or WriteProcessMemory request was completed. (0x12B)
[0206/204639.919:ERROR:process_memory_win.cc(73)] ReadMemory at 0x1fb502e8ab0 of 132 bytes failed: Only part of a ReadProcessMemory or WriteProcessMemory request was completed. (0x12B)
[0206/204639.919:ERROR:process_memory_win.cc(73)] ReadMemory at 0x1fb502e8be0 of 132 bytes failed: Only part of a ReadProcessMemory or WriteProcessMemory request was completed. (0x12B)
[0206/204639.919:ERROR:process_memory_win.cc(73)] ReadMemory at 0x1fb502e8d10 of 132 bytes failed: Only part of a ReadProcessMemory or WriteProcessMemory request was completed. (0x12B)
[0206/204639.919:ERROR:process_memory_win.cc(73)] ReadMemory at 0x1fb502e8e40 of 132 bytes failed: Only part of a ReadProcessMemory or WriteProcessMemory request was completed. (0x12B)
[0206/204639.919:ERROR:process_memory_win.cc(73)] ReadMemory at 0x1fb502e8f70 of 132 bytes failed: Only part of a ReadProcessMemory or WriteProcessMemory request was completed. (0x12B)
[0206/204639.919:ERROR:process_memory_win.cc(73)] ReadMemory at 0x1fb502e90a0 of 132 bytes failed: Only part of a ReadProcessMemory or WriteProcessMemory request was completed. (0x12B)
[0206/204639.919:ERROR:process_memory_win.cc(73)] ReadMemory at 0x1fb502e91d0 of 132 bytes failed: Only part of a ReadProcessMemory or WriteProcessMemory request was completed. (0x12B)
[0206/204639.919:ERROR:process_memory_win.cc(73)] ReadMemory at 0x1fb502e9e50 of 76 bytes failed: Only part of a ReadProcessMemory or WriteProcessMemory request was completed. (0x12B)
[0206/204639.919:ERROR:process_memory_win.cc(73)] ReadMemory at 0x1fb502e9eb0 of 80 bytes failed: Only part of a ReadProcessMemory or WriteProcessMemory request was completed. (0x12B)
[0206/204639.919:ERROR:process_memory_win.cc(73)] ReadMemory at 0x1fb502ecef0 of 54 bytes failed: Only part of a ReadProcessMemory or WriteProcessMemory request was completed. (0x12B)
[0206/204639.919:ERROR:process_memory_win.cc(73)] ReadMemory at 0x1fb502ee240 of 66 bytes failed: Only part of a ReadProcessMemory or WriteProcessMemory request was completed. (0x12B)
[0206/204639.920:ERROR:process_memory_win.cc(73)] ReadMemory at 0x1fb502ee2e0 of 58 bytes failed: Only part of a ReadProcessMemory or WriteProcessMemory request was completed. (0x12B)
[0206/204639.920:ERROR:process_memory_win.cc(73)] ReadMemory at 0x1fb502ee470 of 64 bytes failed: Only part of a ReadProcessMemory or WriteProcessMemory request was completed. (0x12B)
[0206/204639.920:ERROR:process_memory_win.cc(73)] ReadMemory at 0x1fb502ee510 of 64 bytes failed: Only part of a ReadProcessMemory or WriteProcessMemory request was completed. (0x12B)
[0206/204639.920:ERROR:process_memory_win.cc(73)] ReadMemory at 0x1fb502ee5b0 of 62 bytes failed: Only part of a ReadProcessMemory or WriteProcessMemory request was completed. (0x12B)
[0206/204639.920:ERROR:process_memory_win.cc(73)] ReadMemory at 0x1fb502ee7e0 of 62 bytes failed: Only part of a ReadProcessMemory or WriteProcessMemory request was completed. (0x12B)
[0206/204639.920:ERROR:process_memory_win.cc(73)] ReadMemory at 0x1fb502ee830 of 62 bytes failed: Only part of a ReadProcessMemory or WriteProcessMemory request was completed. (0x12B)
[0206/204639.920:ERROR:process_memory_win.cc(73)] ReadMemory at 0x1fb502ee920 of 62 bytes failed: Only part of a ReadProcessMemory or WriteProcessMemory request was completed. (0x12B)
[0206/204639.920:ERROR:process_memory_win.cc(73)] ReadMemory at 0x1fb502eea10 of 64 bytes failed: Only part of a ReadProcessMemory or WriteProcessMemory request was completed. (0x12B)
[0206/204639.920:ERROR:process_memory_win.cc(73)] ReadMemory at 0x1fb502eeb00 of 62 bytes failed: Only part of a ReadProcessMemory or WriteProcessMemory request was completed. (0x12B)
[0206/204639.920:ERROR:process_memory_win.cc(73)] ReadMemory at 0x1fb502eeba0 of 64 bytes failed: Only part of a ReadProcessMemory or WriteProcessMemory request was completed. (0x12B)
[0206/204639.920:ERROR:process_memory_win.cc(73)] ReadMemory at 0x1fb502eebf0 of 60 bytes failed: Only part of a ReadProcessMemory or WriteProcessMemory request was completed. (0x12B)
[0206/204639.920:ERROR:process_memory_win.cc(73)] ReadMemory at 0x1fb502eec90 of 60 bytes failed: Only part of a ReadProcessMemory or WriteProcessMemory request was completed. (0x12B)
[0206/204639.920:ERROR:process_memory_win.cc(73)] ReadMemory at 0x1fb502eece0 of 62 bytes failed: Only part of a ReadProcessMemory or WriteProcessMemory request was completed. (0x12B)
[0206/204639.920:ERROR:process_memory_win.cc(73)] ReadMemory at 0x1fb502eeec0 of 62 bytes failed: Only part of a ReadProcessMemory or WriteProcessMemory request was completed. (0x12B)
[0206/204639.920:ERROR:process_memory_win.cc(73)] ReadMemory at 0x1fb502eef60 of 62 bytes failed: Only part of a ReadProcessMemory or WriteProcessMemory request was completed. (0x12B)
[0206/204639.920:ERROR:process_memory_win.cc(73)] ReadMemory at 0x1fb502eefb0 of 60 bytes failed: Only part of a ReadProcessMemory or WriteProcessMemory request was completed. (0x12B)
[0206/204639.920:ERROR:process_memory_win.cc(73)] ReadMemory at 0x1fb502ef000 of 60 bytes failed: Only part of a ReadProcessMemory or WriteProcessMemory request was completed. (0x12B)
[0206/204639.920:ERROR:process_memory_win.cc(73)] ReadMemory at 0x1fb502ef460 of 132 bytes failed: Only part of a ReadProcessMemory or WriteProcessMemory request was completed. (0x12B)
[0206/204639.920:ERROR:process_memory_win.cc(73)] ReadMemory at 0x1fb502ef6c0 of 132 bytes failed: Only part of a ReadProcessMemory or WriteProcessMemory request was completed. (0x12B)
[0206/204639.920:ERROR:process_memory_win.cc(73)] ReadMemory at 0x1fb502efa50 of 132 bytes failed: Only part of a ReadProcessMemory or WriteProcessMemory request was completed. (0x12B)
[0206/204639.920:ERROR:process_memory_win.cc(73)] ReadMemory at 0x1fb502efcb0 of 132 bytes failed: Only part of a ReadProcessMemory or WriteProcessMemory request was completed. (0x12B)
[0206/204639.920:ERROR:process_memory_win.cc(73)] ReadMemory at 0x1fb502efde0 of 132 bytes failed: Only part of a ReadProcessMemory or WriteProcessMemory request was completed. (0x12B)
[0206/204639.921:ERROR:process_memory_win.cc(73)] ReadMemory at 0x1fb502eff10 of 132 bytes failed: Only part of a ReadProcessMemory or WriteProcessMemory request was completed. (0x12B)
[0206/204639.921:ERROR:process_memory_win.cc(73)] ReadMemory at 0x1fb502f09c0 of 132 bytes failed: Only part of a ReadProcessMemory or WriteProcessMemory request was completed. (0x12B)
[0206/204639.921:ERROR:process_memory_win.cc(73)] ReadMemory at 0x1fb502f0af0 of 132 bytes failed: Only part of a ReadProcessMemory or WriteProcessMemory request was completed. (0x12B)
[0206/204639.921:ERROR:process_memory_win.cc(73)] ReadMemory at 0x1fb502f0c20 of 132 bytes failed: Only part of a ReadProcessMemory or WriteProcessMemory request was completed. (0x12B)
[0206/204639.921:ERROR:process_memory_win.cc(73)] ReadMemory at 0x1fb502f0d50 of 132 bytes failed: Only part of a ReadProcessMemory or WriteProcessMemory request was completed. (0x12B)
[0206/204639.921:ERROR:process_memory_win.cc(73)] ReadMemory at 0x1fb502f0fb0 of 132 bytes failed: Only part of a ReadProcessMemory or WriteProcessMemory request was completed. (0x12B)
[0206/204639.921:ERROR:process_memory_win.cc(73)] ReadMemory at 0x1fb502f3860 of 132 bytes failed: Only part of a ReadProcessMemory or WriteProcessMemory request was completed. (0x12B)
[0206/204639.922:ERROR:process_memory_win.cc(73)] ReadMemory at 0x1fb502f3af0 of 132 bytes failed: Only part of a ReadProcessMemory or WriteProcessMemory request was completed. (0x12B)
[0206/204639.922:ERROR:process_memory_win.cc(73)] ReadMemory at 0x1fb502f5f30 of 144 bytes failed: Only part of a ReadProcessMemory or WriteProcessMemory request was completed. (0x12B)
[0206/204639.922:ERROR:process_memory_win.cc(73)] ReadMemory at 0x7ffface952a5 of 512 bytes failed: Only part of a ReadProcessMemory or WriteProcessMemory request was completed. (0x12B)
[0206/204639.922:ERROR:process_memory_win.cc(73)] ReadMemory at 0x7fffb12ee2af of 512 bytes failed: Only part of a ReadProcessMemory or WriteProcessMemory request was completed. (0x12B)
[0206/204639.922:ERROR:process_memory_win.cc(73)] ReadMemory at 0x7fffb3c42d10 of 512 bytes failed: Only part of a ReadProcessMemory or WriteProcessMemory request was completed. (0x12B)
[0206/204639.922:ERROR:process_memory_win.cc(73)] ReadMemory at 0x7fffb4235898 of 512 bytes failed: Only part of a ReadProcessMemory or WriteProcessMemory request was completed. (0x12B)
[0206/204639.922:ERROR:process_memory_win.cc(73)] ReadMemory at 0x7fffb4236fe8 of 512 bytes failed: Only part of a ReadProcessMemory or WriteProcessMemory request was completed. (0x12B)
[0206/204639.922:ERROR:process_memory_win.cc(73)] ReadMemory at 0x7fffb42e04e0 of 512 bytes failed: Only part of a ReadProcessMemory or WriteProcessMemory request was completed. (0x12B)
[0206/204639.923:ERROR:process_memory_win.cc(73)] ReadMemory at 0x7ffff9bca7b9 of 512 bytes failed: Only part of a ReadProcessMemory or WriteProcessMemory request was completed. (0x12B)
[0206/204639.923:ERROR:process_memory_win.cc(73)] ReadMemory at 0x7ffff9dfb6d0 of 512 bytes failed: Only part of a ReadProcessMemory or WriteProcessMemory request was completed. (0x12B)
[0206/204639.923:ERROR:process_memory_win.cc(73)] ReadMemory at 0x7ffffbffc0c4 of 512 bytes failed: Only part of a ReadProcessMemory or WriteProcessMemory request was completed. (0x12B)
[0206/204639.923:ERROR:process_memory_win.cc(73)] ReadMemory at 0x7ffffbffc6c4 of 512 bytes failed: Only part of a ReadProcessMemory or WriteProcessMemory request was completed. (0x12B)
[0206/204639.923:ERROR:process_memory_win.cc(73)] ReadMemory at 0x7ffffc08c428 of 18 bytes failed: Only part of a ReadProcessMemory or WriteProcessMemory request was completed. (0x12B)
[0206/204639.923:ERROR:process_memory_win.cc(73)] ReadMemory at 0x7ffffc0bf4f8 of 40 bytes failed: Only part of a ReadProcessMemory or WriteProcessMemory request was completed. (0x12B)
[0206/204639.923:ERROR:process_memory_win.cc(73)] ReadMemory at 0x7ffffc0bf978 of 48 bytes failed: Only part of a ReadProcessMemory or WriteProcessMemory request was completed. (0x12B)
[0206/204639.923:ERROR:process_memory_win.cc(73)] ReadMemory at 0x7ffffc0c53c0 of 64 bytes failed: Only part of a ReadProcessMemory or WriteProcessMemory request was completed. (0x12B)
[0206/204639.815:ERROR:process_reader_win.cc(123)] NtOpenThread: An invalid Client ID was specified. (0xc000000b)
[0206/204639.944:ERROR:process_reader_win.cc(123)] NtOpenThread: An invalid Client ID was specified. (0xc000000b)
[0206/204639.944:ERROR:process_reader_win.cc(123)] NtOpenThread: An invalid Client ID was specified. (0xc000000b)
[0206/204639.944:ERROR:process_reader_win.cc(123)] NtOpenThread: An invalid Client ID was specified. (0xc000000b)
[0206/204639.944:ERROR:process_reader_win.cc(123)] NtOpenThread: An invalid Client ID was specified. (0xc000000b)
[0206/204639.944:ERROR:process_reader_win.cc(123)] NtOpenThread: An invalid Client ID was specified. (0xc000000b)
[0206/204639.944:ERROR:process_reader_win.cc(123)] NtOpenThread: An invalid Client ID was specified. (0xc000000b)
[0206/204639.944:ERROR:process_memory_win.cc(73)] ReadMemory at 0x547ddfd490 of 16 bytes failed: Only part of a ReadProcessMemory or WriteProcessMemory request was completed. (0x12B)
[0206/204639.944:ERROR:exception_snapshot_win.cc(195)] EXCEPTION_POINTERS read failed
[0206/204639.816:ERROR:process_reader_win.cc(123)] NtOpenThread: An invalid Client ID was specified. (0xc000000b)
[0206/204639.944:ERROR:process_reader_win.cc(123)] NtOpenThread: An invalid Client ID was specified. (0xc000000b)
[0206/204639.944:ERROR:process_reader_win.cc(123)] NtOpenThread: An invalid Client ID was specified. (0xc000000b)
[0206/204639.944:ERROR:process_reader_win.cc(123)] NtOpenThread: An invalid Client ID was specified. (0xc000000b)
[0206/204639.944:ERROR:process_reader_win.cc(123)] NtOpenThread: An invalid Client ID was specified. (0xc000000b)
[0206/204639.944:ERROR:process_reader_win.cc(123)] NtOpenThread: An invalid Client ID was specified. (0xc000000b)
[0206/204639.944:ERROR:process_memory_win.cc(73)] ReadMemory at 0xf2ddffd280 of 16 bytes failed: Only part of a ReadProcessMemory or WriteProcessMemory request was completed. (0x12B)
[0206/204639.944:ERROR:exception_snapshot_win.cc(195)] EXCEPTION_POINTERS read failed
[0206/204639.944:ERROR:scoped_process_suspend.cc(40)] NtResumeProcess: An attempt was made to access an exiting process. (0xc000010a)
[0206/204639.930:ERROR:scoped_process_suspend.cc(40)] NtResumeProcess: An attempt was made to access an exiting process. (0xc000010a)
[0206/204639.944:ERROR:scoped_process_suspend.cc(40)] NtResumeProcess: An attempt was made to access an exiting process. (0xc000010a)
